env: load .env.local
env: export EXPO_PUBLIC_API_BASE_URL
Starting project at D:\mainprojects\codewave\mobile
Starting Metro Bundler
warning: Bundler cache is empty, rebuilding (this may take a minute)
Waiting on http://localhost:8090
Logs for your project will appear below.
Web .\index.js ░░░░░░░░░░░░░░░░  1.0% (1/1)
Web .\index.js ▓░░░░░░░░░░░░░░░ 12.4% ( 43/122)
Web .\index.js ░░░░░░░░░░░░░░░░  0.0% (0/1)
Web .\index.js ▓▓▓▓▓░░░░░░░░░░░ 32.9% (121/213)
Web .\index.js ░░░░░░░░░░░░░░░░  0.0% (0/1)
Web .\index.js ▓▓▓▓▓▓░░░░░░░░░░ 39.2% (216/358)
Web .\index.js ░░░░░░░░░░░░░░░░  0.0% (0/1)
Web .\index.js ▓▓▓▓▓▓▓▓░░░░░░░░ 52.4% (377/521)
Web .\index.js ░░░░░░░░░░░░░░░░  0.0% (0/1)
Web .\index.js ▓▓▓▓▓▓▓▓▓▓░░░░░░ 62.6% (536/694)
Web .\index.js ░░░░░░░░░░░░░░░░  0.0% (0/1)
Web .\index.js ▓▓▓▓▓▓▓▓▓▓▓▓▓▓▓░ 94.8% (748/773)
Web .\index.js ░░░░░░░░░░░░░░░░  0.0% (0/1)
Web .\index.js ▓▓▓▓▓▓▓▓▓▓▓▓▓▓▓░ 99.9% (797/798)
Web .\index.js ░░░░░░░░░░░░░░░░  0.0% (0/1)
Web Bundled 27601ms index.js (798 modules)
Web Bundled 21909ms index.js (1 module)
 LOG  [web] Logs will appear in the browser console
 LOG  [web] Logs will appear in the browser console
Web .\index.js ░░░░░░░░░░░░░░░░  0.0% (0/1)
Web Bundled 93ms index.js (1 module)
 LOG  [web] Logs will appear in the browser console
